Using pre-set license
Built from '2021.3/staging' branch; Version is '2021.3.4f1 (cb45f9cae8b7) revision 13321721'; Using compiler version '192829333'; Build Type 'Release'
OS: 'Windows 10  (10.0.19043) 64bit Professional' Language: 'en' Physical Memory: 16021 MB
BatchMode: 1, IsHumanControllingUs: 0, StartBugReporterOnCrash: 0, Is64bit: 1, IsPro: 1

COMMAND LINE ARGUMENTS:
D:\Unity\Versions\2021.3.4f1\Editor\Unity.exe
-adb2
-batchMode
-noUpm
-name
AssetImportWorker2
-projectPath
D:/Projects/Dementia/Dementia
-logFile
Logs/AssetImportWorker2.log
-srvPort
52532
Successfully changed project path to: D:/Projects/Dementia/Dementia
D:/Projects/Dementia/Dementia
[UnityMemory] Configuration Parameters - Can be set up in boot.config
    "memorysetup-bucket-allocator-granularity=16"
    "memorysetup-bucket-allocator-bucket-count=8"
    "memorysetup-bucket-allocator-block-size=33554432"
    "memorysetup-bucket-allocator-block-count=8"
    "memorysetup-main-allocator-block-size=16777216"
    "memorysetup-thread-allocator-block-size=16777216"
    "memorysetup-gfx-main-allocator-block-size=16777216"
    "memorysetup-gfx-thread-allocator-block-size=16777216"
    "memorysetup-cache-allocator-block-size=4194304"
    "memorysetup-typetree-allocator-block-size=2097152"
    "memorysetup-profiler-bucket-allocator-granularity=16"
    "memorysetup-profiler-bucket-allocator-bucket-count=8"
    "memorysetup-profiler-bucket-allocator-block-size=33554432"
    "memorysetup-profiler-bucket-allocator-block-count=8"
    "memorysetup-profiler-allocator-block-size=16777216"
    "memorysetup-profiler-editor-allocator-block-size=1048576"
    "memorysetup-temp-allocator-size-main=16777216"
    "memorysetup-job-temp-allocator-block-size=2097152"
    "memorysetup-job-temp-allocator-block-size-background=1048576"
    "memorysetup-job-temp-allocator-reduction-small-platforms=262144"
    "memorysetup-temp-allocator-size-background-worker=32768"
    "memorysetup-temp-allocator-size-job-worker=262144"
    "memorysetup-temp-allocator-size-preload-manager=33554432"
    "memorysetup-temp-allocator-size-nav-mesh-worker=65536"
    "memorysetup-temp-allocator-size-audio-worker=65536"
    "memorysetup-temp-allocator-size-cloud-worker=32768"
    "memorysetup-temp-allocator-size-gi-baking-worker=262144"
    "memorysetup-temp-allocator-size-gfx=262144"
Refreshing native plugins compatible for Editor in 582.66 ms, found 3 plugins.
Preloading 0 native plugins for Editor in 0.00 ms.
Initialize engine version: 2021.3.4f1 (cb45f9cae8b7)
[Subsystems] Discovering subsystems at path D:/Unity/Versions/2021.3.4f1/Editor/Data/Resources/UnitySubsystems
[Subsystems] Discovering subsystems at path D:/Projects/Dementia/Dementia/Assets
GfxDevice: creating device client; threaded=0; jobified=0
Direct3D:
    Version:  Direct3D 11.0 [level 11.1]
    Renderer: NVIDIA GeForce RTX 3060 Laptop GPU (ID=0x2560)
    Vendor:   NVIDIA
    VRAM:     6023 MB
    Driver:   30.0.15.1278
Initialize mono
Mono path[0] = 'D:/Unity/Versions/2021.3.4f1/Editor/Data/Managed'
Mono path[1] = 'D:/Unity/Versions/2021.3.4f1/Editor/Data/MonoBleedingEdge/lib/mono/unityjit-win32'
Mono config path = 'D:/Unity/Versions/2021.3.4f1/Editor/Data/MonoBleedingEdge/etc'
Using monoOptions --debugger-agent=transport=dt_socket,embedding=1,server=y,suspend=n,address=127.0.0.1:56876
Begin MonoManager ReloadAssembly
Registering precompiled unity dll's ...
Register platform support module: D:/Unity/Versions/2021.3.4f1/Editor/Data/PlaybackEngines/AndroidPlayer/UnityEditor.Android.Extensions.dll
Register platform support module: D:/Unity/Versions/2021.3.4f1/Editor/Data/PlaybackEngines/WindowsStandaloneSupport/UnityEditor.WindowsStandalone.Extensions.dll
Registered in 0.009987 seconds.
Native extension for WindowsStandalone target not found
Native extension for Android target not found
Refreshing native plugins compatible for Editor in 605.88 ms, found 3 plugins.
Preloading 0 native plugins for Editor in 0.00 ms.
Mono: successfully reloaded assembly
- Completed reload, in  3.138 seconds
Domain Reload Profiling:
	ReloadAssembly (3140ms)
		BeginReloadAssembly (254ms)
			ExecutionOrderSort (0ms)
			DisableScriptedObjects (0ms)
			BackupInstance (0ms)
			ReleaseScriptingObjects (0ms)
			CreateAndSetChildDomain (1ms)
		EndReloadAssembly (2444ms)
			LoadAssemblies (256ms)
			RebuildTransferFunctionScriptingTraits (0ms)
			SetupTypeCache (536ms)
			ReleaseScriptCaches (0ms)
			RebuildScriptCaches (146ms)
			SetupLoadedEditorAssemblies (1564ms)
				LogAssemblyErrors (0ms)
				InitializePlatformSupportModulesInManaged (276ms)
				SetLoadedEditorAssemblies (1ms)
				RefreshPlugins (606ms)
				BeforeProcessingInitializeOnLoad (5ms)
				ProcessInitializeOnLoadAttributes (463ms)
				ProcessInitializeOnLoadMethodAttributes (212ms)
				AfterProcessingInitializeOnLoad (0ms)
				EditorAssembliesLoaded (1ms)
			ExecutionOrderSort2 (0ms)
			AwakeInstancesAfterBackupRestoration (0ms)
Platform modules already initialized, skipping
Registering precompiled user dll's ...
Registered in 0.019030 seconds.
Begin MonoManager ReloadAssembly
Symbol file LoadedFromMemory doesn't match image D:\Projects\Dementia\Dementia\Library\PackageCache\com.unity.visualscripting@1.7.8\Editor\VisualScripting.Core\Dependencies\YamlDotNet\Unity.VisualScripting.YamlDotNet.dll
Symbol file LoadedFromMemory doesn't match image D:\Projects\Dementia\Dementia\Library\PackageCache\com.unity.visualscripting@1.7.8\Editor\VisualScripting.Core\Dependencies\DotNetZip\Unity.VisualScripting.IonicZip.dll
Native extension for WindowsStandalone target not found
Native extension for Android target not found
Refreshing native plugins compatible for Editor in 483.29 ms, found 3 plugins.
Preloading 0 native plugins for Editor in 0.00 ms.
Mono: successfully reloaded assembly
- Completed reload, in  6.133 seconds
Domain Reload Profiling:
	ReloadAssembly (6137ms)
		BeginReloadAssembly (539ms)
			ExecutionOrderSort (0ms)
			DisableScriptedObjects (27ms)
			BackupInstance (0ms)
			ReleaseScriptingObjects (0ms)
			CreateAndSetChildDomain (182ms)
		EndReloadAssembly (5059ms)
			LoadAssemblies (299ms)
			RebuildTransferFunctionScriptingTraits (0ms)
			SetupTypeCache (1390ms)
			ReleaseScriptCaches (3ms)
			RebuildScriptCaches (295ms)
			SetupLoadedEditorAssemblies (2801ms)
				LogAssemblyErrors (0ms)
				InitializePlatformSupportModulesInManaged (63ms)
				SetLoadedEditorAssemblies (1ms)
				RefreshPlugins (484ms)
				BeforeProcessingInitializeOnLoad (489ms)
				ProcessInitializeOnLoadAttributes (1605ms)
				ProcessInitializeOnLoadMethodAttributes (143ms)
				AfterProcessingInitializeOnLoad (16ms)
				EditorAssembliesLoaded (1ms)
			ExecutionOrderSort2 (0ms)
			AwakeInstancesAfterBackupRestoration (22ms)
Platform modules already initialized, skipping
========================================================================
Worker process is ready to serve import requests
Launched and connected shader compiler UnityShaderCompiler.exe after 0.16 seconds
Refreshing native plugins compatible for Editor in 2.98 ms, found 3 plugins.
Preloading 0 native plugins for Editor in 0.00 ms.
Unloading 4250 Unused Serialized files (Serialized files now loaded: 0)
Unloading 45 unused Assets / (232.9 KB). Loaded Objects now: 4709.
Memory consumption went from 152.6 MB to 152.3 MB.
Total: 10.752400 ms (FindLiveObjects: 0.811900 ms CreateObjectMapping: 0.416900 ms MarkObjects: 9.037900 ms  DeleteObjects: 0.481800 ms)

AssetImportParameters requested are different than current active one (requested -> active):
  custom:video-decoder-ogg-theora: a1e56fd34408186e4bbccfd4996cb3dc -> 
  custom:container-muxer-webm: aa71ff27fc2769a1b78a27578f13a17b -> 
  custom:container-demuxer-webm: 4f35f7cbe854078d1ac9338744f61a02 -> 
  custom:video-encoder-webm-vp8: eb34c28f22e8b96e1ab97ce403110664 -> 
  custom:audio-encoder-webm-vorbis: bf7c407c2cedff20999df2af8eb42d56 -> 
  custom:framework-win-MediaFoundation: 216162199b28c13a410421893ffa2e32 -> 
  custom:container-demuxer-ogg: 62fdf1f143b41e24485cea50d1cbac27 -> 
  custom:video-decoder-webm-vp8: 9c59270c3fd7afecdb556c50c9e8de78 -> 
  custom:audio-decoder-ogg-vorbis: bf7c407c2cedff20999df2af8eb42d56 -> 
========================================================================
Received Import Request.
  Time since last request: 68387.398502 seconds.
  path: Assets/Abandoned_Asylum/Prefabs/Paper.prefab
  artifactKey: Guid(0b7451c289c0d9547a21ba7eb3340776) Importer(815301076,1909f56bfc062723c751e8b465ee728b)
Start importing Assets/Abandoned_Asylum/Prefabs/Paper.prefab using Guid(0b7451c289c0d9547a21ba7eb3340776) Importer(815301076,1909f56bfc062723c751e8b465ee728b)  -> (artifact id: 'fc9667fb344b3221227bb2fdfc95bf7c') in 0.613587 seconds 
========================================================================
Received Import Request.
  Time since last request: 0.000071 seconds.
  path: Assets/Abandoned_Asylum/Prefabs/Mattress.prefab
  artifactKey: Guid(35112c5b9d4e2824c89fc84871821e97) Importer(815301076,1909f56bfc062723c751e8b465ee728b)
Start importing Assets/Abandoned_Asylum/Prefabs/Mattress.prefab using Guid(35112c5b9d4e2824c89fc84871821e97) Importer(815301076,1909f56bfc062723c751e8b465ee728b)  -> (artifact id: 'fa3d4db00a1c605dad45b5fbebcb6a5d') in 0.389646 seconds 
========================================================================
Received Import Request.
  Time since last request: 0.000080 seconds.
  path: Assets/Abandoned_Asylum/Models/Bathroom_Shower.fbx
  artifactKey: Guid(e319fe3539cef824a957717ee5b3d6bf) Importer(815301076,1909f56bfc062723c751e8b465ee728b)
Start importing Assets/Abandoned_Asylum/Models/Bathroom_Shower.fbx using Guid(e319fe3539cef824a957717ee5b3d6bf) Importer(815301076,1909f56bfc062723c751e8b465ee728b)  -> (artifact id: 'd9aac202169ae8db5acbefe0e0da0077') in 1.088356 seconds 
========================================================================
Received Import Request.
  Time since last request: 0.000053 seconds.
  path: Assets/Abandoned_Asylum/Prefabs/Tap.prefab
  artifactKey: Guid(5235cab164657264b9fd0e97c8653b3a) Importer(815301076,1909f56bfc062723c751e8b465ee728b)
Start importing Assets/Abandoned_Asylum/Prefabs/Tap.prefab using Guid(5235cab164657264b9fd0e97c8653b3a) Importer(815301076,1909f56bfc062723c751e8b465ee728b)  -> (artifact id: 'fc60bd6ab9364470a7fea7a1f81d2e17') in 0.238354 seconds 
========================================================================
Received Import Request.
  Time since last request: 0.000082 seconds.
  path: Assets/Abandoned_Asylum/Prefabs/DiningRoom_EnterFrame.prefab
  artifactKey: Guid(ed836f0649c9c764b81e9b8ccd504c88) Importer(815301076,1909f56bfc062723c751e8b465ee728b)
Start importing Assets/Abandoned_Asylum/Prefabs/DiningRoom_EnterFrame.prefab using Guid(ed836f0649c9c764b81e9b8ccd504c88) Importer(815301076,1909f56bfc062723c751e8b465ee728b)  -> (artifact id: '4a5d9867199c6620dd77151f0e7334b2') in 1.413937 seconds 
========================================================================
Received Import Request.
  Time since last request: 0.000051 seconds.
  path: Assets/Abandoned_Asylum/Models/Door_V1.fbx
  artifactKey: Guid(30a37ce794ca1c94192e4d8721b12940) Importer(815301076,1909f56bfc062723c751e8b465ee728b)
Start importing Assets/Abandoned_Asylum/Models/Door_V1.fbx using Guid(30a37ce794ca1c94192e4d8721b12940) Importer(815301076,1909f56bfc062723c751e8b465ee728b)  -> (artifact id: 'c1811d53bfb791e46e42d72ff947bc14') in 0.423156 seconds 
========================================================================
Received Import Request.
  Time since last request: 0.000076 seconds.
  path: Assets/Abandoned_Asylum/Prefabs/Keyboard.prefab
  artifactKey: Guid(96b4a46c7ba09594e9c13c4006944a9a) Importer(815301076,1909f56bfc062723c751e8b465ee728b)
Start importing Assets/Abandoned_Asylum/Prefabs/Keyboard.prefab using Guid(96b4a46c7ba09594e9c13c4006944a9a) Importer(815301076,1909f56bfc062723c751e8b465ee728b)  -> (artifact id: '8a09744adbb72791ec77a9648b2ad1ec') in 0.196848 seconds 
========================================================================
Received Import Request.
  Time since last request: 0.000063 seconds.
  path: Assets/Abandoned_Asylum/Prefabs/Elevator_Door.prefab
  artifactKey: Guid(930b2b9e57669be4693fa872406ea1e4) Importer(815301076,1909f56bfc062723c751e8b465ee728b)
Start importing Assets/Abandoned_Asylum/Prefabs/Elevator_Door.prefab using Guid(930b2b9e57669be4693fa872406ea1e4) Importer(815301076,1909f56bfc062723c751e8b465ee728b)  -> (artifact id: 'fc5feecee845140efd674dbbb9b3c762') in 0.195883 seconds 
========================================================================
Received Import Request.
  Time since last request: 0.000077 seconds.
  path: Assets/Abandoned_Asylum/Prefabs/TableKitchen.prefab
  artifactKey: Guid(796f3aaf30897034195e4f951183b248) Importer(815301076,1909f56bfc062723c751e8b465ee728b)
Start importing Assets/Abandoned_Asylum/Prefabs/TableKitchen.prefab using Guid(796f3aaf30897034195e4f951183b248) Importer(815301076,1909f56bfc062723c751e8b465ee728b)  -> (artifact id: '467ae1c9de368b230c5547bdb83d5da5') in 0.299283 seconds 
========================================================================
Received Import Request.
  Time since last request: 0.000061 seconds.
  path: Assets/Abandoned_Asylum/Prefabs/Suspension_V2.prefab
  artifactKey: Guid(095c0fb3559d4ee429fda7aac3e673a9) Importer(815301076,1909f56bfc062723c751e8b465ee728b)
Start importing Assets/Abandoned_Asylum/Prefabs/Suspension_V2.prefab using Guid(095c0fb3559d4ee429fda7aac3e673a9) Importer(815301076,1909f56bfc062723c751e8b465ee728b)  -> (artifact id: 'e5b13b35ffff90b0668f95e7e34c8069') in 1.301597 seconds 
========================================================================
Received Import Request.
  Time since last request: 0.000028 seconds.
  path: Assets/Abandoned_Asylum/Prefabs/Box_V1.prefab
  artifactKey: Guid(d341242b19623a54db856bc69eabaf60) Importer(815301076,1909f56bfc062723c751e8b465ee728b)
Start importing Assets/Abandoned_Asylum/Prefabs/Box_V1.prefab using Guid(d341242b19623a54db856bc69eabaf60) Importer(815301076,1909f56bfc062723c751e8b465ee728b)  -> (artifact id: '4fc9035dcd88a6bd95d216ab4b4fbefe') in 0.298320 seconds 
========================================================================
Received Import Request.
  Time since last request: 0.000069 seconds.
  path: Assets/Abandoned_Asylum/Prefabs/Chandelier.prefab
  artifactKey: Guid(fc9c58f21e7a1f24197eae26baeee04b) Importer(815301076,1909f56bfc062723c751e8b465ee728b)
Start importing Assets/Abandoned_Asylum/Prefabs/Chandelier.prefab using Guid(fc9c58f21e7a1f24197eae26baeee04b) Importer(815301076,1909f56bfc062723c751e8b465ee728b)  -> (artifact id: '7c55dac2cb724342dd8243d1293c25c6') in 0.806833 seconds 
========================================================================
Received Import Request.
  Time since last request: 0.000092 seconds.
  path: Assets/Abandoned_Asylum/Prefabs/BigShelf.prefab
  artifactKey: Guid(7f0c31dcd24808146bd2f1b4545c5787) Importer(815301076,1909f56bfc062723c751e8b465ee728b)
Start importing Assets/Abandoned_Asylum/Prefabs/BigShelf.prefab using Guid(7f0c31dcd24808146bd2f1b4545c5787) Importer(815301076,1909f56bfc062723c751e8b465ee728b)  -> (artifact id: 'c693a1417999b38c3014f85811ae437d') in 0.226724 seconds 
========================================================================
Received Import Request.
  Time since last request: 0.000085 seconds.
  path: Assets/Abandoned_Asylum/Prefabs/DoorD_V2.prefab
  artifactKey: Guid(7503b72438098d745a2241d5b7b4fefb) Importer(815301076,1909f56bfc062723c751e8b465ee728b)
Start importing Assets/Abandoned_Asylum/Prefabs/DoorD_V2.prefab using Guid(7503b72438098d745a2241d5b7b4fefb) Importer(815301076,1909f56bfc062723c751e8b465ee728b)  -> (artifact id: '6d01590a681bc18f3fea663f24f11850') in 0.493578 seconds 
========================================================================
Received Import Request.
  Time since last request: 0.000079 seconds.
  path: Assets/Abandoned_Asylum/Models/Antlers_2.fbx
  artifactKey: Guid(a190d0adaa92bb841aaaa5e1ea4b65d1) Importer(815301076,1909f56bfc062723c751e8b465ee728b)
Start importing Assets/Abandoned_Asylum/Models/Antlers_2.fbx using Guid(a190d0adaa92bb841aaaa5e1ea4b65d1) Importer(815301076,1909f56bfc062723c751e8b465ee728b)  -> (artifact id: '517510341410ae2f2e14e6d60315064a') in 0.279211 seconds 
========================================================================
Received Import Request.
  Time since last request: 0.000072 seconds.
  path: Assets/Abandoned_Asylum/Prefabs/CaseMetallic.prefab
  artifactKey: Guid(04ae48206d5646c44a99cb799d328299) Importer(815301076,1909f56bfc062723c751e8b465ee728b)
Start importing Assets/Abandoned_Asylum/Prefabs/CaseMetallic.prefab using Guid(04ae48206d5646c44a99cb799d328299) Importer(815301076,1909f56bfc062723c751e8b465ee728b)  -> (artifact id: '97879dfb7cad27453e4fa28e44696bb9') in 0.425082 seconds 
========================================================================
Received Import Request.
  Time since last request: 0.000068 seconds.
  path: Assets/Abandoned_Asylum/Models/Carpet.fbx
  artifactKey: Guid(cafbcd9292bb99a4fbac4e5592e69a0c) Importer(815301076,1909f56bfc062723c751e8b465ee728b)
Start importing Assets/Abandoned_Asylum/Models/Carpet.fbx using Guid(cafbcd9292bb99a4fbac4e5592e69a0c) Importer(815301076,1909f56bfc062723c751e8b465ee728b)  -> (artifact id: '06f17eeebd420fd84342ed41eab5b804') in 0.307155 seconds 
========================================================================
Received Import Request.
  Time since last request: 0.000039 seconds.
  path: Assets/Abandoned_Asylum/Models/BigKettle.fbx
  artifactKey: Guid(739cf766bb103364891edc56d91716ce) Importer(815301076,1909f56bfc062723c751e8b465ee728b)
Start importing Assets/Abandoned_Asylum/Models/BigKettle.fbx using Guid(739cf766bb103364891edc56d91716ce) Importer(815301076,1909f56bfc062723c751e8b465ee728b)  -> (artifact id: 'ec0e738cd45bd6e3c82a1b98e6791193') in 0.361674 seconds 
========================================================================
Received Import Request.
  Time since last request: 0.000095 seconds.
  path: Assets/Abandoned_Asylum/Prefabs/GateHouse_Window.prefab
  artifactKey: Guid(6fe0bcf4e656fe045bd4e0e6516b2e09) Importer(815301076,1909f56bfc062723c751e8b465ee728b)
Start importing Assets/Abandoned_Asylum/Prefabs/GateHouse_Window.prefab using Guid(6fe0bcf4e656fe045bd4e0e6516b2e09) Importer(815301076,1909f56bfc062723c751e8b465ee728b)  -> (artifact id: '134f754f71a38f040445dd395505428b') in 0.328755 seconds 
========================================================================
Received Import Request.
  Time since last request: 0.000053 seconds.
  path: Assets/Abandoned_Asylum/Prefabs/MapGroundFloor.prefab
  artifactKey: Guid(280cfbd2f2e781b4bb04c24223abe03e) Importer(815301076,1909f56bfc062723c751e8b465ee728b)
Start importing Assets/Abandoned_Asylum/Prefabs/MapGroundFloor.prefab using Guid(280cfbd2f2e781b4bb04c24223abe03e) Importer(815301076,1909f56bfc062723c751e8b465ee728b)  -> (artifact id: 'a37748a6c59038365d8b70fe84ce8c31') in 0.434910 seconds 
========================================================================
Received Import Request.
  Time since last request: 0.000074 seconds.
  path: Assets/Abandoned_Asylum/Models/GateHouse_Window.fbx
  artifactKey: Guid(d96807ee113a13e4d9aaa78abf3f963e) Importer(815301076,1909f56bfc062723c751e8b465ee728b)
Start importing Assets/Abandoned_Asylum/Models/GateHouse_Window.fbx using Guid(d96807ee113a13e4d9aaa78abf3f963e) Importer(815301076,1909f56bfc062723c751e8b465ee728b)  -> (artifact id: '003c87f88b860a12df43a273646c96e9') in 0.401576 seconds 
========================================================================
Received Import Request.
  Time since last request: 0.000069 seconds.
  path: Assets/Abandoned_Asylum/Prefabs/GR_Glass.prefab
  artifactKey: Guid(8bb27f0342f680547af93810c7dc0fc5) Importer(815301076,1909f56bfc062723c751e8b465ee728b)
Start importing Assets/Abandoned_Asylum/Prefabs/GR_Glass.prefab using Guid(8bb27f0342f680547af93810c7dc0fc5) Importer(815301076,1909f56bfc062723c751e8b465ee728b)  -> (artifact id: '5930a7cf40c0b7f29d979197aad7fd5e') in 0.353190 seconds 
========================================================================
Received Import Request.
  Time since last request: 0.000088 seconds.
  path: Assets/Abandoned_Asylum/Models/MedRack.fbx
  artifactKey: Guid(2ccabc4a36b4a1a45a4057a9e88843c3) Importer(815301076,1909f56bfc062723c751e8b465ee728b)
Start importing Assets/Abandoned_Asylum/Models/MedRack.fbx using Guid(2ccabc4a36b4a1a45a4057a9e88843c3) Importer(815301076,1909f56bfc062723c751e8b465ee728b)  -> (artifact id: '149d9681246ada072747ca0eefc224bb') in 0.570728 seconds 
========================================================================
Received Import Request.
  Time since last request: 0.000067 seconds.
  path: Assets/Abandoned_Asylum/Prefabs/Map1stFloor.prefab
  artifactKey: Guid(61fe87365490bd244af63822b53aabb1) Importer(815301076,1909f56bfc062723c751e8b465ee728b)
Start importing Assets/Abandoned_Asylum/Prefabs/Map1stFloor.prefab using Guid(61fe87365490bd244af63822b53aabb1) Importer(815301076,1909f56bfc062723c751e8b465ee728b)  -> (artifact id: '3f65f3fc10d723987f0efb45f30c00b6') in 0.357776 seconds 
========================================================================
Received Import Request.
  Time since last request: 0.000055 seconds.
  path: Assets/Abandoned_Asylum/Prefabs/WindowToilet.prefab
  artifactKey: Guid(387e76a7ea1b2d84ab42f645bdc8f61e) Importer(815301076,1909f56bfc062723c751e8b465ee728b)
Start importing Assets/Abandoned_Asylum/Prefabs/WindowToilet.prefab using Guid(387e76a7ea1b2d84ab42f645bdc8f61e) Importer(815301076,1909f56bfc062723c751e8b465ee728b)  -> (artifact id: '4392cfc4a6aa67a9d9538536f4b23a3f') in 0.094343 seconds 
========================================================================
Received Import Request.
  Time since last request: 0.000055 seconds.
  path: Assets/Abandoned_Asylum/Prefabs/Window_DayRoom.prefab
  artifactKey: Guid(d7d796f2a9e41944c89ffdd5c4119286) Importer(815301076,1909f56bfc062723c751e8b465ee728b)
Start importing Assets/Abandoned_Asylum/Prefabs/Window_DayRoom.prefab using Guid(d7d796f2a9e41944c89ffdd5c4119286) Importer(815301076,1909f56bfc062723c751e8b465ee728b)  -> (artifact id: '1c76f311e7da053d7ed32e9bd3f61527') in 0.101304 seconds 
========================================================================
Received Import Request.
  Time since last request: 0.000051 seconds.
  path: Assets/Abandoned_Asylum/Prefabs/PC_Monitor.prefab
  artifactKey: Guid(2f603782a54272140bd490519349fd88) Importer(815301076,1909f56bfc062723c751e8b465ee728b)
Start importing Assets/Abandoned_Asylum/Prefabs/PC_Monitor.prefab using Guid(2f603782a54272140bd490519349fd88) Importer(815301076,1909f56bfc062723c751e8b465ee728b)  -> (artifact id: '22486009a2b54c586aa82391bd4899e7') in 0.246583 seconds 
========================================================================
Received Import Request.
  Time since last request: 0.000083 seconds.
  path: Assets/Abandoned_Asylum/Models/Keyboard.fbx
  artifactKey: Guid(873633a15c0b1d34cae65552ce3620fa) Importer(815301076,1909f56bfc062723c751e8b465ee728b)
Start importing Assets/Abandoned_Asylum/Models/Keyboard.fbx using Guid(873633a15c0b1d34cae65552ce3620fa) Importer(815301076,1909f56bfc062723c751e8b465ee728b)  -> (artifact id: 'bc46db4c2539635b41c195220824bd64') in 0.154456 seconds 
========================================================================
Received Import Request.
  Time since last request: 0.000052 seconds.
  path: Assets/Abandoned_Asylum/Prefabs/Fridge.prefab
  artifactKey: Guid(b45e9c0c0f92fa9458011919a208ff19) Importer(815301076,1909f56bfc062723c751e8b465ee728b)
Start importing Assets/Abandoned_Asylum/Prefabs/Fridge.prefab using Guid(b45e9c0c0f92fa9458011919a208ff19) Importer(815301076,1909f56bfc062723c751e8b465ee728b)  -> (artifact id: '2bedcdd9e0c593f16c3738c2ec31af17') in 0.655784 seconds 
========================================================================
Received Import Request.
  Time since last request: 0.000057 seconds.
  path: Assets/Abandoned_Asylum/Prefabs/MorgueWheelBed.prefab
  artifactKey: Guid(e17057c699b73604c9d45df68ce8610e) Importer(815301076,1909f56bfc062723c751e8b465ee728b)
Start importing Assets/Abandoned_Asylum/Prefabs/MorgueWheelBed.prefab using Guid(e17057c699b73604c9d45df68ce8610e) Importer(815301076,1909f56bfc062723c751e8b465ee728b)  -> (artifact id: '84ded815fd3360238d25d211079c8146') in 0.271841 seconds 
========================================================================
Received Import Request.
  Time since last request: 0.000085 seconds.
  path: Assets/Abandoned_Asylum/Prefabs/Plate_Broken.prefab
  artifactKey: Guid(045213b78a20cdf45a1e502386562c62) Importer(815301076,1909f56bfc062723c751e8b465ee728b)
Start importing Assets/Abandoned_Asylum/Prefabs/Plate_Broken.prefab using Guid(045213b78a20cdf45a1e502386562c62) Importer(815301076,1909f56bfc062723c751e8b465ee728b)  -> (artifact id: '5422386996db3ca262a660d5282e0f10') in 0.159489 seconds 
========================================================================
Received Import Request.
  Time since last request: 0.000093 seconds.
  path: Assets/Abandoned_Asylum/Models/Crutches.fbx
  artifactKey: Guid(ce49dfa45a2393c4dada229d22e6ea88) Importer(815301076,1909f56bfc062723c751e8b465ee728b)
Start importing Assets/Abandoned_Asylum/Models/Crutches.fbx using Guid(ce49dfa45a2393c4dada229d22e6ea88) Importer(815301076,1909f56bfc062723c751e8b465ee728b)  -> (artifact id: 'ca2035cf49b4e79cbd127d614882f1ed') in 0.262019 seconds 
========================================================================
Received Import Request.
  Time since last request: 0.000081 seconds.
  path: Assets/Abandoned_Asylum/Prefabs/MedRack.prefab
  artifactKey: Guid(e8482d0feb18bec448406b8e4baa6eb7) Importer(815301076,1909f56bfc062723c751e8b465ee728b)
Start importing Assets/Abandoned_Asylum/Prefabs/MedRack.prefab using Guid(e8482d0feb18bec448406b8e4baa6eb7) Importer(815301076,1909f56bfc062723c751e8b465ee728b)  -> (artifact id: 'c5fbe56bc9f46742396190cc1e134d96') in 0.283736 seconds 
========================================================================
Received Import Request.
  Time since last request: 0.000101 seconds.
  path: Assets/Abandoned_Asylum/Prefabs/TableWhiteKitchen.prefab
  artifactKey: Guid(0f96da9664a6d9342bc8d0a3254c96bf) Importer(815301076,1909f56bfc062723c751e8b465ee728b)
Start importing Assets/Abandoned_Asylum/Prefabs/TableWhiteKitchen.prefab using Guid(0f96da9664a6d9342bc8d0a3254c96bf) Importer(815301076,1909f56bfc062723c751e8b465ee728b)  -> (artifact id: '3b53d824b92fb5c03b5ede4b56abd925') in 0.264761 seconds 
========================================================================
Received Import Request.
  Time since last request: 0.000071 seconds.
  path: Assets/Abandoned_Asylum/Prefabs/CupboardLight_Broken.prefab
  artifactKey: Guid(801ce3aca23566847b0f6bb6119013ec) Importer(815301076,1909f56bfc062723c751e8b465ee728b)
Start importing Assets/Abandoned_Asylum/Prefabs/CupboardLight_Broken.prefab using Guid(801ce3aca23566847b0f6bb6119013ec) Importer(815301076,1909f56bfc062723c751e8b465ee728b)  -> (artifact id: '2ef1c9d20b171667558e90cea9986b7c') in 0.148509 seconds 
========================================================================
Received Import Request.
  Time since last request: 0.000084 seconds.
  path: Assets/Abandoned_Asylum/Prefabs/MirrorShelf.prefab
  artifactKey: Guid(51d7dfbf96b72654ea7afc3829c6bd8c) Importer(815301076,1909f56bfc062723c751e8b465ee728b)
Start importing Assets/Abandoned_Asylum/Prefabs/MirrorShelf.prefab using Guid(51d7dfbf96b72654ea7afc3829c6bd8c) Importer(815301076,1909f56bfc062723c751e8b465ee728b)  -> (artifact id: '83ef054208c6047f7dca7baf4569c2ec') in 0.260180 seconds 
========================================================================
Received Import Request.
  Time since last request: 0.000073 seconds.
  path: Assets/Abandoned_Asylum/Models/Decals_2.fbx
  artifactKey: Guid(d08b6b0796d52484197c18ae16199ae3) Importer(815301076,1909f56bfc062723c751e8b465ee728b)
Start importing Assets/Abandoned_Asylum/Models/Decals_2.fbx using Guid(d08b6b0796d52484197c18ae16199ae3) Importer(815301076,1909f56bfc062723c751e8b465ee728b)  -> (artifact id: '01b1a6d5e01062c7cd1f5198c5b56a1b') in 0.923999 seconds 
========================================================================
Received Import Request.
  Time since last request: 0.000042 seconds.
  path: Assets/Abandoned_Asylum/Prefabs/Pipe.prefab
  artifactKey: Guid(38b52f42d6dafda489a10a25af194f61) Importer(815301076,1909f56bfc062723c751e8b465ee728b)
Start importing Assets/Abandoned_Asylum/Prefabs/Pipe.prefab using Guid(38b52f42d6dafda489a10a25af194f61) Importer(815301076,1909f56bfc062723c751e8b465ee728b)  -> (artifact id: 'f30ba43f0649b04b82856b495ecfda9d') in 0.257067 seconds 
========================================================================
Received Import Request.
  Time since last request: 0.000051 seconds.
  path: Assets/Abandoned_Asylum/Materials/Crutches.mat
  artifactKey: Guid(d59a0ff9147d60340bdd14d79daa52b4) Importer(815301076,1909f56bfc062723c751e8b465ee728b)
Start importing Assets/Abandoned_Asylum/Materials/Crutches.mat using Guid(d59a0ff9147d60340bdd14d79daa52b4) Importer(815301076,1909f56bfc062723c751e8b465ee728b)  -> (artifact id: '32115aadc3e000d5a95a0c2c2fac6747') in 0.519235 seconds 
========================================================================
Received Import Request.
  Time since last request: 0.000072 seconds.
  path: Assets/Abandoned_Asylum/Materials/GH_frame.mat
  artifactKey: Guid(2a8efb470cf18c545bc55b6facbedbe3) Importer(815301076,1909f56bfc062723c751e8b465ee728b)
Start importing Assets/Abandoned_Asylum/Materials/GH_frame.mat using Guid(2a8efb470cf18c545bc55b6facbedbe3) Importer(815301076,1909f56bfc062723c751e8b465ee728b)  -> (artifact id: '9401fdb251ea8a3344547578f82edfab') in 0.183332 seconds 
========================================================================
Received Import Request.
  Time since last request: 0.000058 seconds.
  path: Assets/Abandoned_Asylum/Materials/DiningRoom_EnterGlass.mat
  artifactKey: Guid(69cfd9a1bf2d8b74fa425cf6a69f530e) Importer(815301076,1909f56bfc062723c751e8b465ee728b)
Start importing Assets/Abandoned_Asylum/Materials/DiningRoom_EnterGlass.mat using Guid(69cfd9a1bf2d8b74fa425cf6a69f530e) Importer(815301076,1909f56bfc062723c751e8b465ee728b)  -> (artifact id: 'd5b803f72881c38f2b39e07a3b22fcba') in 0.198025 seconds 
========================================================================
Received Import Request.
  Time since last request: 0.000088 seconds.
  path: Assets/Abandoned_Asylum/Materials/Board.mat
  artifactKey: Guid(c8d4ac1528168b546a9e0be8fad86d75) Importer(815301076,1909f56bfc062723c751e8b465ee728b)
Start importing Assets/Abandoned_Asylum/Materials/Board.mat using Guid(c8d4ac1528168b546a9e0be8fad86d75) Importer(815301076,1909f56bfc062723c751e8b465ee728b)  -> (artifact id: '5fbabd19f5afdcc35b200db47dbdeb46') in 0.208043 seconds 
========================================================================
Received Import Request.
  Time since last request: 0.000060 seconds.
  path: Assets/Abandoned_Asylum/Materials/Door_V3.mat
  artifactKey: Guid(b2ca5e5d5e465af49b9df125d3eed284) Importer(815301076,1909f56bfc062723c751e8b465ee728b)
Start importing Assets/Abandoned_Asylum/Materials/Door_V3.mat using Guid(b2ca5e5d5e465af49b9df125d3eed284) Importer(815301076,1909f56bfc062723c751e8b465ee728b)  -> (artifact id: '4772a611a779864c3c524c488898487a') in 0.257963 seconds 
========================================================================
Received Import Request.
  Time since last request: 0.000078 seconds.
  path: Assets/Abandoned_Asylum/Materials/CupboardLight_Broken.mat
  artifactKey: Guid(cafc0c14f3f9f26418f88ad12cee697a) Importer(815301076,1909f56bfc062723c751e8b465ee728b)
Start importing Assets/Abandoned_Asylum/Materials/CupboardLight_Broken.mat using Guid(cafc0c14f3f9f26418f88ad12cee697a) Importer(815301076,1909f56bfc062723c751e8b465ee728b)  -> (artifact id: '1c29f25ea3598d45eb4c3f0ebb048f1d') in 0.160527 seconds 
========================================================================
Received Import Request.
  Time since last request: 0.000071 seconds.
  path: Assets/Abandoned_Asylum/Materials/BigHangs.mat
  artifactKey: Guid(090c423848228224e98623f88580ef32) Importer(815301076,1909f56bfc062723c751e8b465ee728b)
Start importing Assets/Abandoned_Asylum/Materials/BigHangs.mat using Guid(090c423848228224e98623f88580ef32) Importer(815301076,1909f56bfc062723c751e8b465ee728b)  -> (artifact id: 'f975d37513e757117917f88215f86a36') in 0.223868 seconds 
========================================================================
Received Import Request.
  Time since last request: 0.000080 seconds.
  path: Assets/Abandoned_Asylum/Materials/GH_glass.mat
  artifactKey: Guid(d20368f8dba9ac2428b7c34d47a2d520) Importer(815301076,1909f56bfc062723c751e8b465ee728b)
Start importing Assets/Abandoned_Asylum/Materials/GH_glass.mat using Guid(d20368f8dba9ac2428b7c34d47a2d520) Importer(815301076,1909f56bfc062723c751e8b465ee728b)  -> (artifact id: '24f598712d7adefb128dc8549987d2cd') in 0.186420 seconds 
========================================================================
Received Import Request.
  Time since last request: 0.000072 seconds.
  path: Assets/Abandoned_Asylum/Materials/CanOld_Damaged.mat
  artifactKey: Guid(88ab646d017c69347b8505f63a98128b) Importer(815301076,1909f56bfc062723c751e8b465ee728b)
Start importing Assets/Abandoned_Asylum/Materials/CanOld_Damaged.mat using Guid(88ab646d017c69347b8505f63a98128b) Importer(815301076,1909f56bfc062723c751e8b465ee728b)  -> (artifact id: '60a5fdd0b5f6c7350a3ecc683fa2b6db') in 0.116508 seconds 
========================================================================
Received Import Request.
  Time since last request: 0.000046 seconds.
  path: Assets/Abandoned_Asylum/Materials/Bath.mat
  artifactKey: Guid(f0a99d4db699a0240bf0d0b0f025e6fb) Importer(815301076,1909f56bfc062723c751e8b465ee728b)
Start importing Assets/Abandoned_Asylum/Materials/Bath.mat using Guid(f0a99d4db699a0240bf0d0b0f025e6fb) Importer(815301076,1909f56bfc062723c751e8b465ee728b)  -> (artifact id: 'c317acd2bac6754c45b23d366019cae7') in 0.218056 seconds 
========================================================================
Received Import Request.
  Time since last request: 0.000081 seconds.
  path: Assets/Abandoned_Asylum/Materials/Carpet.mat
  artifactKey: Guid(1f564cfb93fe3b24999e08c1c480d4e7) Importer(815301076,1909f56bfc062723c751e8b465ee728b)
Start importing Assets/Abandoned_Asylum/Materials/Carpet.mat using Guid(1f564cfb93fe3b24999e08c1c480d4e7) Importer(815301076,1909f56bfc062723c751e8b465ee728b)  -> (artifact id: '78ac1ec5793663e39f4e95e9f7754c33') in 0.255023 seconds 
========================================================================
Received Import Request.
  Time since last request: 0.000086 seconds.
  path: Assets/Abandoned_Asylum/Materials/Case_Door.mat
  artifactKey: Guid(1ad7434fa556867409b2e2afa85105ab) Importer(815301076,1909f56bfc062723c751e8b465ee728b)
Start importing Assets/Abandoned_Asylum/Materials/Case_Door.mat using Guid(1ad7434fa556867409b2e2afa85105ab) Importer(815301076,1909f56bfc062723c751e8b465ee728b)  -> (artifact id: '2ca009d9b00efb52f1c0193eeb554898') in 0.094197 seconds 
========================================================================
Received Import Request.
  Time since last request: 0.000069 seconds.
  path: Assets/Abandoned_Asylum/Materials/Antlers_2.mat
  artifactKey: Guid(00da1fbfb51bc0944bf70876e2b8031b) Importer(815301076,1909f56bfc062723c751e8b465ee728b)
Start importing Assets/Abandoned_Asylum/Materials/Antlers_2.mat using Guid(00da1fbfb51bc0944bf70876e2b8031b) Importer(815301076,1909f56bfc062723c751e8b465ee728b)  -> (artifact id: '7478a6ba078dc9b6015d99c2e3c04e4b') in 0.115472 seconds 
========================================================================
Received Import Request.
  Time since last request: 0.000060 seconds.
  path: Assets/Abandoned_Asylum/Materials/CupboardLight.mat
  artifactKey: Guid(5bd49eca421c5fa4e972029595ba616d) Importer(815301076,1909f56bfc062723c751e8b465ee728b)
Start importing Assets/Abandoned_Asylum/Materials/CupboardLight.mat using Guid(5bd49eca421c5fa4e972029595ba616d) Importer(815301076,1909f56bfc062723c751e8b465ee728b)  -> (artifact id: '4d7f702193ffe5b7444723d31fcf959e') in 0.178514 seconds 
========================================================================
Received Import Request.
  Time since last request: 0.000085 seconds.
  path: Assets/Abandoned_Asylum/Materials/Bed.mat
  artifactKey: Guid(bae36a3f7d4aff346b9b3f5870aea1d0) Importer(815301076,1909f56bfc062723c751e8b465ee728b)
Start importing Assets/Abandoned_Asylum/Materials/Bed.mat using Guid(bae36a3f7d4aff346b9b3f5870aea1d0) Importer(815301076,1909f56bfc062723c751e8b465ee728b)  -> (artifact id: '16c7edd3796dcecaf17b828f6c676ec7') in 0.222327 seconds 
========================================================================
Received Import Request.
  Time since last request: 0.000082 seconds.
  path: Assets/Abandoned_Asylum/Materials/Fridge_DoorD.mat
  artifactKey: Guid(4c837f10107560946beb5520618f6cb8) Importer(815301076,1909f56bfc062723c751e8b465ee728b)
Start importing Assets/Abandoned_Asylum/Materials/Fridge_DoorD.mat using Guid(4c837f10107560946beb5520618f6cb8) Importer(815301076,1909f56bfc062723c751e8b465ee728b)  -> (artifact id: '5a4b8e602637d47d9d6a5ecb4d0b6d7b') in 0.088987 seconds 
========================================================================
Received Import Request.
  Time since last request: 0.000072 seconds.
  path: Assets/Abandoned_Asylum/Materials/Cupboard.mat
  artifactKey: Guid(2aa655570e1708a479c7389ab3f073ee) Importer(815301076,1909f56bfc062723c751e8b465ee728b)
Start importing Assets/Abandoned_Asylum/Materials/Cupboard.mat using Guid(2aa655570e1708a479c7389ab3f073ee) Importer(815301076,1909f56bfc062723c751e8b465ee728b)  -> (artifact id: '83563dc9b74c673101f45dac11c118bd') in 0.213156 seconds 
========================================================================
Received Import Request.
  Time since last request: 0.000066 seconds.
  path: Assets/Abandoned_Asylum/Materials/Cupboard_Door.mat
  artifactKey: Guid(a5a0ed70d9df3dd4b9c04e54d371f131) Importer(815301076,1909f56bfc062723c751e8b465ee728b)
Start importing Assets/Abandoned_Asylum/Materials/Cupboard_Door.mat using Guid(a5a0ed70d9df3dd4b9c04e54d371f131) Importer(815301076,1909f56bfc062723c751e8b465ee728b)  -> (artifact id: '688475a692c9c4c27dec0aeb571e55a8') in 0.167066 seconds 
========================================================================
Received Import Request.
  Time since last request: 0.000068 seconds.
  path: Assets/Abandoned_Asylum/Prefabs/BigShelf_Stock.prefab
  artifactKey: Guid(e9ddd0a598de7fd4bb2f220b74142fe0) Importer(815301076,1909f56bfc062723c751e8b465ee728b)
Start importing Assets/Abandoned_Asylum/Prefabs/BigShelf_Stock.prefab using Guid(e9ddd0a598de7fd4bb2f220b74142fe0) Importer(815301076,1909f56bfc062723c751e8b465ee728b)  -> (artifact id: 'd8b141b884ea9460a2501267418f5dc7') in 0.272559 seconds 
========================================================================
Received Import Request.
  Time since last request: 0.000047 seconds.
  path: Assets/Abandoned_Asylum/Materials
  artifactKey: Guid(bb48d42c07b5f00448e3be0e8012efef) Importer(815301076,1909f56bfc062723c751e8b465ee728b)
Start importing Assets/Abandoned_Asylum/Materials using Guid(bb48d42c07b5f00448e3be0e8012efef) Importer(815301076,1909f56bfc062723c751e8b465ee728b)  -> (artifact id: 'de9ce777365f1f4843967dfede072af5') in 0.021135 seconds 
========================================================================
Received Import Request.
  Time since last request: 0.000082 seconds.
  path: Assets/Abandoned_Asylum/Models/BedFeather.fbx
  artifactKey: Guid(c34614dcc7cd0b74aa8ac86d76187347) Importer(815301076,1909f56bfc062723c751e8b465ee728b)
Start importing Assets/Abandoned_Asylum/Models/BedFeather.fbx using Guid(c34614dcc7cd0b74aa8ac86d76187347) Importer(815301076,1909f56bfc062723c751e8b465ee728b)  -> (artifact id: 'fedb37f24308a95d7d78187b0b9e0976') in 0.113393 seconds 
========================================================================
Received Import Request.
  Time since last request: 0.000041 seconds.
  path: Assets/Abandoned_Asylum/Models/Box_V1.fbx
  artifactKey: Guid(c971740110bfabe49baeb4d506c796b0) Importer(815301076,1909f56bfc062723c751e8b465ee728b)
Start importing Assets/Abandoned_Asylum/Models/Box_V1.fbx using Guid(c971740110bfabe49baeb4d506c796b0) Importer(815301076,1909f56bfc062723c751e8b465ee728b)  -> (artifact id: '0fb5dc6affe8eec1a4ce79bfad69ce3a') in 0.261492 seconds 
========================================================================
Received Import Request.
  Time since last request: 0.000074 seconds.
  path: Assets/Abandoned_Asylum/Prefabs/Window_Barrier.prefab
  artifactKey: Guid(dce8c74ce38efac48ba61ebacf23ff34) Importer(815301076,1909f56bfc062723c751e8b465ee728b)
Start importing Assets/Abandoned_Asylum/Prefabs/Window_Barrier.prefab using Guid(dce8c74ce38efac48ba61ebacf23ff34) Importer(815301076,1909f56bfc062723c751e8b465ee728b)  -> (artifact id: 'c00a2d01922b76e20525e62cc3325c6b') in 0.248194 seconds 
========================================================================
Received Import Request.
  Time since last request: 0.000084 seconds.
  path: Assets/Abandoned_Asylum/Prefabs/Plate.prefab
  artifactKey: Guid(8296ba5dc86a96b4aa243dbff2e08571) Importer(815301076,1909f56bfc062723c751e8b465ee728b)
Start importing Assets/Abandoned_Asylum/Prefabs/Plate.prefab using Guid(8296ba5dc86a96b4aa243dbff2e08571) Importer(815301076,1909f56bfc062723c751e8b465ee728b)  -> (artifact id: '40e343d9e072bfc344b6b9236e0cee82') in 0.164042 seconds 
========================================================================
Received Import Request.
  Time since last request: 0.000047 seconds.
  path: Assets/Abandoned_Asylum/Prefabs/Heater.prefab
  artifactKey: Guid(35e841b08485a4c4ca32bd075e78e006) Importer(815301076,1909f56bfc062723c751e8b465ee728b)
Start importing Assets/Abandoned_Asylum/Prefabs/Heater.prefab using Guid(35e841b08485a4c4ca32bd075e78e006) Importer(815301076,1909f56bfc062723c751e8b465ee728b)  -> (artifact id: 'b494f49bc5a23d851f1a9025c11a4bb6') in 0.251275 seconds 
========================================================================
Received Import Request.
  Time since last request: 0.000072 seconds.
  path: Assets/Abandoned_Asylum/Prefabs/NeonLamp.prefab
  artifactKey: Guid(d5743fce9ffff6b448f179393bc9d6a2) Importer(815301076,1909f56bfc062723c751e8b465ee728b)
Start importing Assets/Abandoned_Asylum/Prefabs/NeonLamp.prefab using Guid(d5743fce9ffff6b448f179393bc9d6a2) Importer(815301076,1909f56bfc062723c751e8b465ee728b)  -> (artifact id: '9f0c9eb1668b344b0c21b08dff086a14') in 0.257710 seconds 
========================================================================
Received Import Request.
  Time since last request: 4.039555 seconds.
  path: Assets/Abandoned_Asylum/Models/MedRack_V2.fbx
  artifactKey: Guid(5505093148bb01e43a6138a8bd393f7f) Importer(815301076,1909f56bfc062723c751e8b465ee728b)
Start importing Assets/Abandoned_Asylum/Models/MedRack_V2.fbx using Guid(5505093148bb01e43a6138a8bd393f7f) Importer(815301076,1909f56bfc062723c751e8b465ee728b)  -> (artifact id: '67c8550d22bea87fef7b24a2a6e8414f') in 0.379288 seconds 
========================================================================
Received Import Request.
  Time since last request: 0.000067 seconds.
  path: Assets/Abandoned_Asylum/Models/NeonLift.fbx
  artifactKey: Guid(fc2d70d22ae3d2243993377ba4baf9d5) Importer(815301076,1909f56bfc062723c751e8b465ee728b)
Start importing Assets/Abandoned_Asylum/Models/NeonLift.fbx using Guid(fc2d70d22ae3d2243993377ba4baf9d5) Importer(815301076,1909f56bfc062723c751e8b465ee728b)  -> (artifact id: 'b623bd5c5ad867bd8edad13b38ea33de') in 0.104142 seconds 
========================================================================
Received Import Request.
  Time since last request: 0.000068 seconds.
  path: Assets/Abandoned_Asylum/Models/Sofa_Chair.fbx
  artifactKey: Guid(38d5153703957664aa7679493b529e36) Importer(815301076,1909f56bfc062723c751e8b465ee728b)
Start importing Assets/Abandoned_Asylum/Models/Sofa_Chair.fbx using Guid(38d5153703957664aa7679493b529e36) Importer(815301076,1909f56bfc062723c751e8b465ee728b)  -> (artifact id: 'b15254567f493b5ebd3705d344880c87') in 0.267325 seconds 
========================================================================
Received Import Request.
  Time since last request: 0.000036 seconds.
  path: Assets/Abandoned_Asylum/Models/SurgeryChair.fbx
  artifactKey: Guid(459d6d1f27538074fb27271fea27718a) Importer(815301076,1909f56bfc062723c751e8b465ee728b)
Start importing Assets/Abandoned_Asylum/Models/SurgeryChair.fbx using Guid(459d6d1f27538074fb27271fea27718a) Importer(815301076,1909f56bfc062723c751e8b465ee728b)  -> (artifact id: '4b4a66f2f3142bc01b8c4f3c9af1ea6c') in 0.688057 seconds 
========================================================================
Received Import Request.
  Time since last request: 0.000119 seconds.
  path: Assets/Abandoned_Asylum/Models/Sofa_Old.fbx
  artifactKey: Guid(1f7eade45a6c3084d927b644aa53d7a3) Importer(815301076,1909f56bfc062723c751e8b465ee728b)
Start importing Assets/Abandoned_Asylum/Models/Sofa_Old.fbx using Guid(1f7eade45a6c3084d927b644aa53d7a3) Importer(815301076,1909f56bfc062723c751e8b465ee728b)  -> (artifact id: 'fb3c71db3956346285e90fe5e6aab666') in 0.366217 seconds 
========================================================================
Received Import Request.
  Time since last request: 0.000060 seconds.
  path: Assets/Abandoned_Asylum/Models/Pot.fbx
  artifactKey: Guid(d6f2c9324b03e8b4d93c47c464c73709) Importer(815301076,1909f56bfc062723c751e8b465ee728b)
Start importing Assets/Abandoned_Asylum/Models/Pot.fbx using Guid(d6f2c9324b03e8b4d93c47c464c73709) Importer(815301076,1909f56bfc062723c751e8b465ee728b)  -> (artifact id: 'bf5ca227d46639f55a8de66290491d64') in 0.118704 seconds 
========================================================================
Received Import Request.
  Time since last request: 0.000090 seconds.
  path: Assets/Abandoned_Asylum/Models/TableWhiteKitchen.fbx
  artifactKey: Guid(9f050fd833946d94e8433b7a5c600c24) Importer(815301076,1909f56bfc062723c751e8b465ee728b)
Start importing Assets/Abandoned_Asylum/Models/TableWhiteKitchen.fbx using Guid(9f050fd833946d94e8433b7a5c600c24) Importer(815301076,1909f56bfc062723c751e8b465ee728b)  -> (artifact id: '7fc4cf9f386e115634a07623e1383cea') in 0.228187 seconds 
========================================================================
Received Import Request.
  Time since last request: 0.000050 seconds.
  path: Assets/Abandoned_Asylum/Models/ProjectorCloth.fbx
  artifactKey: Guid(441fbdfac96b26c4f95a36abb73b111b) Importer(815301076,1909f56bfc062723c751e8b465ee728b)
Start importing Assets/Abandoned_Asylum/Models/ProjectorCloth.fbx using Guid(441fbdfac96b26c4f95a36abb73b111b) Importer(815301076,1909f56bfc062723c751e8b465ee728b)  -> (artifact id: '449294b870a49c8ff3475d80dfd07a04') in 0.219737 seconds 
========================================================================
Received Import Request.
  Time since last request: 0.000094 seconds.
  path: Assets/Abandoned_Asylum/Models/TableOffice.fbx
  artifactKey: Guid(ac4aa96559b78204493e1b3753e8a045) Importer(815301076,1909f56bfc062723c751e8b465ee728b)
Start importing Assets/Abandoned_Asylum/Models/TableOffice.fbx using Guid(ac4aa96559b78204493e1b3753e8a045) Importer(815301076,1909f56bfc062723c751e8b465ee728b)  -> (artifact id: '4eb0f94ebe35c1066da0409676195fca') in 0.192162 seconds 
========================================================================
Received Import Request.
  Time since last request: 0.000075 seconds.
  path: Assets/Abandoned_Asylum/Models/Television.fbx
  artifactKey: Guid(75e4cd96f96da5d41bf1e23ed4098dee) Importer(815301076,1909f56bfc062723c751e8b465ee728b)
Start importing Assets/Abandoned_Asylum/Models/Television.fbx using Guid(75e4cd96f96da5d41bf1e23ed4098dee) Importer(815301076,1909f56bfc062723c751e8b465ee728b)  -> (artifact id: '5f899b1980f968182cd3134d6a7da6d9') in 0.234843 seconds 
========================================================================
Received Import Request.
  Time since last request: 0.000115 seconds.
  path: Assets/Abandoned_Asylum/Models/Tap.fbx
  artifactKey: Guid(4bbd1a409d9e52345857d486bfaaad4c) Importer(815301076,1909f56bfc062723c751e8b465ee728b)
Start importing Assets/Abandoned_Asylum/Models/Tap.fbx using Guid(4bbd1a409d9e52345857d486bfaaad4c) Importer(815301076,1909f56bfc062723c751e8b465ee728b)  -> (artifact id: '5a8ad3538109100c5284236e825a0183') in 0.098665 seconds 
========================================================================
Received Import Request.
  Time since last request: 0.000078 seconds.
  path: Assets/Abandoned_Asylum/Models/WindowHall.fbx
  artifactKey: Guid(a0407e065f24f1c4fbac78cadc38a11f) Importer(815301076,1909f56bfc062723c751e8b465ee728b)
Start importing Assets/Abandoned_Asylum/Models/WindowHall.fbx using Guid(a0407e065f24f1c4fbac78cadc38a11f) Importer(815301076,1909f56bfc062723c751e8b465ee728b)  -> (artifact id: '53381d36df77cd45b94ce8d112cc8592') in 0.200357 seconds 
========================================================================
Received Import Request.
  Time since last request: 0.000061 seconds.
  path: Assets/Abandoned_Asylum/Models/TableSmall.fbx
  artifactKey: Guid(a17aafa35ac34bf488bf4c9d13224886) Importer(815301076,1909f56bfc062723c751e8b465ee728b)
Start importing Assets/Abandoned_Asylum/Models/TableSmall.fbx using Guid(a17aafa35ac34bf488bf4c9d13224886) Importer(815301076,1909f56bfc062723c751e8b465ee728b)  -> (artifact id: '7b909de3986251090ee44d4a529d1a4d') in 0.166631 seconds 
========================================================================
Received Import Request.
  Time since last request: 0.000086 seconds.
  path: Assets/Abandoned_Asylum/Models/PC_Monitor.fbx
  artifactKey: Guid(252af556c6617a4458e79c0373d631de) Importer(815301076,1909f56bfc062723c751e8b465ee728b)
Start importing Assets/Abandoned_Asylum/Models/PC_Monitor.fbx using Guid(252af556c6617a4458e79c0373d631de) Importer(815301076,1909f56bfc062723c751e8b465ee728b)  -> (artifact id: '657e1e4d7954ce4b432f28c5988e94df') in 0.183584 seconds 
========================================================================
Received Import Request.
  Time since last request: 0.000088 seconds.
  path: Assets/Abandoned_Asylum/Models/Window_DayRoom.fbx
  artifactKey: Guid(ed20d9817f1c154459d5001260cf5125) Importer(815301076,1909f56bfc062723c751e8b465ee728b)
Start importing Assets/Abandoned_Asylum/Models/Window_DayRoom.fbx using Guid(ed20d9817f1c154459d5001260cf5125) Importer(815301076,1909f56bfc062723c751e8b465ee728b)  -> (artifact id: 'b79556ae3016f373361f5b458d07e845') in 0.122486 seconds 
========================================================================
Received Import Request.
  Time since last request: 0.000075 seconds.
  path: Assets/Abandoned_Asylum/Models/Suspension.fbx
  artifactKey: Guid(95c3353e0b2289543a13c26a47b66196) Importer(815301076,1909f56bfc062723c751e8b465ee728b)
Start importing Assets/Abandoned_Asylum/Models/Suspension.fbx using Guid(95c3353e0b2289543a13c26a47b66196) Importer(815301076,1909f56bfc062723c751e8b465ee728b)  -> (artifact id: '88a95bbb7c76f84caa4a5451e8c6866a') in 0.263276 seconds 
========================================================================
Received Import Request.
  Time since last request: 0.000065 seconds.
  path: Assets/Abandoned_Asylum/Models/SheetRack.fbx
  artifactKey: Guid(525e42c8aa5e52e4ea137bc78720fcfc) Importer(815301076,1909f56bfc062723c751e8b465ee728b)
Start importing Assets/Abandoned_Asylum/Models/SheetRack.fbx using Guid(525e42c8aa5e52e4ea137bc78720fcfc) Importer(815301076,1909f56bfc062723c751e8b465ee728b)  -> (artifact id: 'cf0078179d406768e29a4f24a66acdd1') in 0.735839 seconds 
========================================================================
Received Import Request.
  Time since last request: 8.175873 seconds.
  path: Assets/Abandoned_Asylum/Textures
  artifactKey: Guid(8f6120ad5b503a64ba15c17808887c13) Importer(815301076,1909f56bfc062723c751e8b465ee728b)
Start importing Assets/Abandoned_Asylum/Textures using Guid(8f6120ad5b503a64ba15c17808887c13) Importer(815301076,1909f56bfc062723c751e8b465ee728b)  -> (artifact id: 'e2400f13e6469f2bda916b4df172b622') in 0.020180 seconds 
========================================================================
Received Import Request.
  Time since last request: 0.147349 seconds.
  path: Assets/Abandoned_Asylum/Textures/Antlers_2_Albedo.png
  artifactKey: Guid(2e3cef8e8671f3f40a22322036d9cbd4) Importer(815301076,1909f56bfc062723c751e8b465ee728b)
Start importing Assets/Abandoned_Asylum/Textures/Antlers_2_Albedo.png using Guid(2e3cef8e8671f3f40a22322036d9cbd4) Importer(815301076,1909f56bfc062723c751e8b465ee728b)  -> (artifact id: '4cc3b2f15dac7b2c9ff23be695e3e9ad') in 0.201910 seconds 
========================================================================
Received Import Request.
  Time since last request: 0.000107 seconds.
  path: Assets/Abandoned_Asylum/Textures/CanOld_Albedo.png
  artifactKey: Guid(fe5a95c214eef644aadfb83e11683427) Importer(815301076,1909f56bfc062723c751e8b465ee728b)
Start importing Assets/Abandoned_Asylum/Textures/CanOld_Albedo.png using Guid(fe5a95c214eef644aadfb83e11683427) Importer(815301076,1909f56bfc062723c751e8b465ee728b)  -> (artifact id: '70d32613daa928d8a6132f859f95a521') in 0.063996 seconds 
========================================================================
Received Import Request.
  Time since last request: 0.000064 seconds.
  path: Assets/Abandoned_Asylum/Textures/Bath_Normal.png
  artifactKey: Guid(3d6494bc59959314eaf99642cb6b58d0) Importer(815301076,1909f56bfc062723c751e8b465ee728b)
Start importing Assets/Abandoned_Asylum/Textures/Bath_Normal.png using Guid(3d6494bc59959314eaf99642cb6b58d0) Importer(815301076,1909f56bfc062723c751e8b465ee728b)  -> (artifact id: '5ca615ad22b7318d6f0f5b2ff66d24c4') in 0.088271 seconds 
========================================================================
Received Import Request.
  Time since last request: 0.000065 seconds.
  path: Assets/Abandoned_Asylum/Textures/Bath_Albedo.png
  artifactKey: Guid(adb060823cfd0a040906d3ad36959d7c) Importer(815301076,1909f56bfc062723c751e8b465ee728b)
Start importing Assets/Abandoned_Asylum/Textures/Bath_Albedo.png using Guid(adb060823cfd0a040906d3ad36959d7c) Importer(815301076,1909f56bfc062723c751e8b465ee728b)  -> (artifact id: '6380f7b9593620aea46d99c8d83792d5') in 0.087532 seconds 
========================================================================
Received Import Request.
  Time since last request: 0.000094 seconds.
  path: Assets/Abandoned_Asylum/Textures/BigShelf_Stock_Albedo.png
  artifactKey: Guid(1dd9988d4758b984cbd3bb086d51d4fa) Importer(815301076,1909f56bfc062723c751e8b465ee728b)
Start importing Assets/Abandoned_Asylum/Textures/BigShelf_Stock_Albedo.png using Guid(1dd9988d4758b984cbd3bb086d51d4fa) Importer(815301076,1909f56bfc062723c751e8b465ee728b)  -> (artifact id: 'efbcaa0c1d5b3eb3355ec8ace42ce836') in 0.091303 seconds 
========================================================================
Received Import Request.
  Time since last request: 0.000081 seconds.
  path: Assets/Abandoned_Asylum/Textures/BigHangs_V3_AlbedoTransparency.png
  artifactKey: Guid(1f3a2ccb083f36e42a9acae6a4d0d707) Importer(815301076,1909f56bfc062723c751e8b465ee728b)
Start importing Assets/Abandoned_Asylum/Textures/BigHangs_V3_AlbedoTransparency.png using Guid(1f3a2ccb083f36e42a9acae6a4d0d707) Importer(815301076,1909f56bfc062723c751e8b465ee728b)  -> (artifact id: '6dcb0933b810ebb54544737eb0cae300') in 0.108215 seconds 
========================================================================
Received Import Request.
  Time since last request: 0.000056 seconds.
  path: Assets/Abandoned_Asylum/Textures/Bench_Normal.png
  artifactKey: Guid(49964141b5a439b4998a80aef4b2303f) Importer(815301076,1909f56bfc062723c751e8b465ee728b)
Start importing Assets/Abandoned_Asylum/Textures/Bench_Normal.png using Guid(49964141b5a439b4998a80aef4b2303f) Importer(815301076,1909f56bfc062723c751e8b465ee728b)  -> (artifact id: 'b914788bcdba30da549f27567c71a1ec') in 0.125627 seconds 
========================================================================
Received Import Request.
  Time since last request: 0.000069 seconds.
  path: Assets/Abandoned_Asylum/Textures/Antlers_Wood_Albedo.png
  artifactKey: Guid(a73a9ce2311d0d74caf2a1a69de54491) Importer(815301076,1909f56bfc062723c751e8b465ee728b)
Start importing Assets/Abandoned_Asylum/Textures/Antlers_Wood_Albedo.png using Guid(a73a9ce2311d0d74caf2a1a69de54491) Importer(815301076,1909f56bfc062723c751e8b465ee728b)  -> (artifact id: '637613f0cc25ac469cdbfddff4f9e3c2') in 0.053141 seconds 
========================================================================
Received Import Request.
  Time since last request: 0.000088 seconds.
  path: Assets/Abandoned_Asylum/Textures/BigKettle_Normal.png
  artifactKey: Guid(de0e8b3b03c9e2348973cdc12c990e8e) Importer(815301076,1909f56bfc062723c751e8b465ee728b)
Start importing Assets/Abandoned_Asylum/Textures/BigKettle_Normal.png using Guid(de0e8b3b03c9e2348973cdc12c990e8e) Importer(815301076,1909f56bfc062723c751e8b465ee728b)  -> (artifact id: 'a83bc40e97ffe8a64fcd8f1f8da5b8c5') in 0.114429 seconds 
========================================================================
Received Import Request.
  Time since last request: 0.000044 seconds.
  path: Assets/Abandoned_Asylum/Textures/BigKettle_MetallicSmoothness.png
  artifactKey: Guid(fbff9b4c6e5d4ba4ba6201d2b0df0b45) Importer(815301076,1909f56bfc062723c751e8b465ee728b)
Start importing Assets/Abandoned_Asylum/Textures/BigKettle_MetallicSmoothness.png using Guid(fbff9b4c6e5d4ba4ba6201d2b0df0b45) Importer(815301076,1909f56bfc062723c751e8b465ee728b)  -> (artifact id: 'c41af9f52615b974584260bb4cfa70ca') in 0.128686 seconds 
========================================================================
Received Import Request.
  Time since last request: 0.000076 seconds.
  path: Assets/Abandoned_Asylum/Textures/Box_V1_Albedo.png
  artifactKey: Guid(8d8ae840d7bf04d45b88d57bfb399bc5) Importer(815301076,1909f56bfc062723c751e8b465ee728b)
Start importing Assets/Abandoned_Asylum/Textures/Box_V1_Albedo.png using Guid(8d8ae840d7bf04d45b88d57bfb399bc5) Importer(815301076,1909f56bfc062723c751e8b465ee728b)  -> (artifact id: 'edb51bac7f7b952c23afa847af4afa31') in 0.098648 seconds 
========================================================================
Received Import Request.
  Time since last request: 0.000081 seconds.
  path: Assets/Abandoned_Asylum/Textures/Antlers_Wood_MetallicSmoothness.png
  artifactKey: Guid(fb35b4a983f890d41ad8af1cf60f5a2d) Importer(815301076,1909f56bfc062723c751e8b465ee728b)
Start importing Assets/Abandoned_Asylum/Textures/Antlers_Wood_MetallicSmoothness.png using Guid(fb35b4a983f890d41ad8af1cf60f5a2d) Importer(815301076,1909f56bfc062723c751e8b465ee728b)  -> (artifact id: '1609a380669fe2974d2447f4846d37d4') in 0.042993 seconds 
========================================================================
Received Import Request.
  Time since last request: 0.000048 seconds.
  path: Assets/Abandoned_Asylum/Textures/BedFeather_Normal.png
  artifactKey: Guid(422e83553c268a743a57ae647804db36) Importer(815301076,1909f56bfc062723c751e8b465ee728b)
Start importing Assets/Abandoned_Asylum/Textures/BedFeather_Normal.png using Guid(422e83553c268a743a57ae647804db36) Importer(815301076,1909f56bfc062723c751e8b465ee728b)  -> (artifact id: 'a25fba2936a112b6d68142141affe963') in 0.066191 seconds 
========================================================================
Received Import Request.
  Time since last request: 0.000075 seconds.
  path: Assets/Abandoned_Asylum/Textures/Antlers_MetallicSmoothness.png
  artifactKey: Guid(2ccb26dccd2b3574487efba5f8b00562) Importer(815301076,1909f56bfc062723c751e8b465ee728b)
Start importing Assets/Abandoned_Asylum/Textures/Antlers_MetallicSmoothness.png using Guid(2ccb26dccd2b3574487efba5f8b00562) Importer(815301076,1909f56bfc062723c751e8b465ee728b)  -> (artifact id: '66578c829afe168ac2239e815e96eec3') in 0.070910 seconds 
========================================================================
Received Import Request.
  Time since last request: 1.168974 seconds.
  path: Assets/Abandoned_Asylum/Show_Assets
  artifactKey: Guid(f13f4e7f5a7405b449595ad4ae8101e4) Importer(815301076,1909f56bfc062723c751e8b465ee728b)
Start importing Assets/Abandoned_Asylum/Show_Assets using Guid(f13f4e7f5a7405b449595ad4ae8101e4) Importer(815301076,1909f56bfc062723c751e8b465ee728b)  -> (artifact id: '5d77033c1ac39fba939817d2458056ec') in 0.018679 seconds 
========================================================================
Received Import Request.
  Time since last request: 0.056274 seconds.
  path: Assets/Abandoned_Asylum/Show_Assets/LightingData.asset
  artifactKey: Guid(ce9a1f325053c024e97130ae5397ed45) Importer(815301076,1909f56bfc062723c751e8b465ee728b)
Start importing Assets/Abandoned_Asylum/Show_Assets/LightingData.asset using Guid(ce9a1f325053c024e97130ae5397ed45) Importer(815301076,1909f56bfc062723c751e8b465ee728b)  -> (artifact id: '9720024324dc11c61446599d499ad3d3') in 0.115076 seconds 
========================================================================
Received Import Request.
  Time since last request: 0.000067 seconds.
  path: Assets/Abandoned_Asylum/Show_Assets/ReflectionProbe-0.exr
  artifactKey: Guid(43876b1cc2694cb41891e00cd57e6cab) Importer(815301076,1909f56bfc062723c751e8b465ee728b)
Start importing Assets/Abandoned_Asylum/Show_Assets/ReflectionProbe-0.exr using Guid(43876b1cc2694cb41891e00cd57e6cab) Importer(815301076,1909f56bfc062723c751e8b465ee728b)  -> (artifact id: 'c998ef6c1b8fd75dedbfc151210141de') in 0.352265 seconds 
========================================================================
Received Import Request.
  Time since last request: 0.000053 seconds.
  path: Assets/Abandoned_Asylum/Show_Assets/Lightmap-3_comp_shadowmask.png
  artifactKey: Guid(4de370736938bf14dad05388e7802704) Importer(815301076,1909f56bfc062723c751e8b465ee728b)
Start importing Assets/Abandoned_Asylum/Show_Assets/Lightmap-3_comp_shadowmask.png using Guid(4de370736938bf14dad05388e7802704) Importer(815301076,1909f56bfc062723c751e8b465ee728b)  -> (artifact id: 'a42c35efdb92428898e1193676286766') in 0.065126 seconds 
========================================================================
Received Import Request.
  Time since last request: 0.000041 seconds.
  path: Assets/Abandoned_Asylum/Show_Assets/ReflectionProbe-1.exr
  artifactKey: Guid(ef705d66d38bc6d45a02859706b20c4d) Importer(815301076,1909f56bfc062723c751e8b465ee728b)
Start importing Assets/Abandoned_Asylum/Show_Assets/ReflectionProbe-1.exr using Guid(ef705d66d38bc6d45a02859706b20c4d) Importer(815301076,1909f56bfc062723c751e8b465ee728b)  -> (artifact id: 'fe602b0f2df25d5e2469930bb9054329') in 0.083662 seconds 
========================================================================
Received Import Request.
  Time since last request: 0.000071 seconds.
  path: Assets/Abandoned_Asylum/Show_Assets/Lightmap-1_comp_light.exr
  artifactKey: Guid(144f0943740a65f4fa0abb3376896222) Importer(815301076,1909f56bfc062723c751e8b465ee728b)
Start importing Assets/Abandoned_Asylum/Show_Assets/Lightmap-1_comp_light.exr using Guid(144f0943740a65f4fa0abb3376896222) Importer(815301076,1909f56bfc062723c751e8b465ee728b)  -> (artifact id: '18dbba56f6f2fc226b31d399b02ce869') in 0.076481 seconds 
========================================================================
Received Import Request.
  Time since last request: 0.000050 seconds.
  path: Assets/Abandoned_Asylum/Show_Assets/Lightmap-4_comp_shadowmask.png
  artifactKey: Guid(8f4417b4df5401f4099dba6e50c1d88c) Importer(815301076,1909f56bfc062723c751e8b465ee728b)
Start importing Assets/Abandoned_Asylum/Show_Assets/Lightmap-4_comp_shadowmask.png using Guid(8f4417b4df5401f4099dba6e50c1d88c) Importer(815301076,1909f56bfc062723c751e8b465ee728b)  -> (artifact id: '29c9ecde8ff14d0a31dffa57f1b760c5') in 0.057116 seconds 
========================================================================
Received Import Request.
  Time since last request: 3.007121 seconds.
  path: Assets/Abandoned_Asylum/Show.unity
  artifactKey: Guid(30fb6719a9eb1d84a807a42d598b16f8) Importer(815301076,1909f56bfc062723c751e8b465ee728b)
Start importing Assets/Abandoned_Asylum/Show.unity using Guid(30fb6719a9eb1d84a807a42d598b16f8) Importer(815301076,1909f56bfc062723c751e8b465ee728b)  -> (artifact id: 'ac6320f884a091579ae22112a4d85581') in 0.019721 seconds 
========================================================================
Received Import Request.
  Time since last request: 165.323212 seconds.
  path: Assets/Abandoned_Asylum/Materials/Tiled/Walls/Wall_1.mat
  artifactKey: Guid(c0309792d4d285a43aa9c221013ff3a6) Importer(815301076,1909f56bfc062723c751e8b465ee728b)
Start importing Assets/Abandoned_Asylum/Materials/Tiled/Walls/Wall_1.mat using Guid(c0309792d4d285a43aa9c221013ff3a6) Importer(815301076,1909f56bfc062723c751e8b465ee728b)  -> (artifact id: '13947124fb24fb7d0979f6747200dea9') in 0.075217 seconds 
========================================================================
Received Import Request.
  Time since last request: 0.000082 seconds.
  path: Assets/Abandoned_Asylum/Materials/Tiled/Walls/Wall_3.mat
  artifactKey: Guid(ffe1c6f038b645145ad98bc55f3bca03) Importer(815301076,1909f56bfc062723c751e8b465ee728b)
Start importing Assets/Abandoned_Asylum/Materials/Tiled/Walls/Wall_3.mat using Guid(ffe1c6f038b645145ad98bc55f3bca03) Importer(815301076,1909f56bfc062723c751e8b465ee728b)  -> (artifact id: '318e1c0421483ad2bc691e9aae8f6746') in 0.067219 seconds 
========================================================================
Received Import Request.
  Time since last request: 0.000105 seconds.
  path: Assets/Abandoned_Asylum/Materials/Tiled/Walls/Wall_4.mat
  artifactKey: Guid(e992b9422b8cf1e4dbbfb44239f92c7f) Importer(815301076,1909f56bfc062723c751e8b465ee728b)
Start importing Assets/Abandoned_Asylum/Materials/Tiled/Walls/Wall_4.mat using Guid(e992b9422b8cf1e4dbbfb44239f92c7f) Importer(815301076,1909f56bfc062723c751e8b465ee728b)  -> (artifact id: 'f946453c5f06d835811209401d94077e') in 0.052609 seconds 
========================================================================
Received Import Request.
  Time since last request: 0.000072 seconds.
  path: Assets/Abandoned_Asylum/Materials/Tiled/Walls/Wall_6.mat
  artifactKey: Guid(324e71f119473ef48a64a2d6109c39b1) Importer(815301076,1909f56bfc062723c751e8b465ee728b)
Start importing Assets/Abandoned_Asylum/Materials/Tiled/Walls/Wall_6.mat using Guid(324e71f119473ef48a64a2d6109c39b1) Importer(815301076,1909f56bfc062723c751e8b465ee728b)  -> (artifact id: 'adbc42005445e642b936f247a43c8e28') in 0.066576 seconds 
========================================================================
Received Import Request.
  Time since last request: 0.000049 seconds.
  path: Assets/Abandoned_Asylum/Materials/Tiled/Walls/Wall_7.mat
  artifactKey: Guid(8d7e72b3ff90dca44a94ee605ee9bb13) Importer(815301076,1909f56bfc062723c751e8b465ee728b)
Start importing Assets/Abandoned_Asylum/Materials/Tiled/Walls/Wall_7.mat using Guid(8d7e72b3ff90dca44a94ee605ee9bb13) Importer(815301076,1909f56bfc062723c751e8b465ee728b)  -> (artifact id: '5cb63322cb0e8a5b69f1e34aea447c80') in 0.061428 seconds 
========================================================================
Received Import Request.
  Time since last request: 313.770548 seconds.
  path: Assets/Abandoned_Asylum/Materials/Tiled/Tiles/Tiles_2.mat
  artifactKey: Guid(3c982e1450a06a149bd4aca6c9142904) Importer(815301076,1909f56bfc062723c751e8b465ee728b)
Start importing Assets/Abandoned_Asylum/Materials/Tiled/Tiles/Tiles_2.mat using Guid(3c982e1450a06a149bd4aca6c9142904) Importer(815301076,1909f56bfc062723c751e8b465ee728b)  -> (artifact id: '33ee80a71df94bc87d9bd90ce59a6a2b') in 0.073375 seconds 
========================================================================
Received Import Request.
  Time since last request: 0.000085 seconds.
  path: Assets/Abandoned_Asylum/Materials/Tiled/Tiles/Tiles_10.mat
  artifactKey: Guid(c35d9a94d2dc81f498848adc13f8fc47) Importer(815301076,1909f56bfc062723c751e8b465ee728b)
Start importing Assets/Abandoned_Asylum/Materials/Tiled/Tiles/Tiles_10.mat using Guid(c35d9a94d2dc81f498848adc13f8fc47) Importer(815301076,1909f56bfc062723c751e8b465ee728b)  -> (artifact id: '8e1b0144673a184478edf669b8da5aad') in 0.067965 seconds 
========================================================================
Received Import Request.
  Time since last request: 0.000086 seconds.
  path: Assets/Abandoned_Asylum/Materials/Tiled/Tiles/Tiles_11.mat
  artifactKey: Guid(d44948ec7d312e14cb86a12782458698) Importer(815301076,1909f56bfc062723c751e8b465ee728b)
Start importing Assets/Abandoned_Asylum/Materials/Tiled/Tiles/Tiles_11.mat using Guid(d44948ec7d312e14cb86a12782458698) Importer(815301076,1909f56bfc062723c751e8b465ee728b)  -> (artifact id: 'f934a9cc45a9584587ab2c5242708674') in 0.057154 seconds 
========================================================================
Received Import Request.
  Time since last request: 0.000048 seconds.
  path: Assets/Abandoned_Asylum/Materials/Tiled/Tiles/Tiles_3.mat
  artifactKey: Guid(71d53c85cd69f0f4582c68719ec6ccca) Importer(815301076,1909f56bfc062723c751e8b465ee728b)
Start importing Assets/Abandoned_Asylum/Materials/Tiled/Tiles/Tiles_3.mat using Guid(71d53c85cd69f0f4582c68719ec6ccca) Importer(815301076,1909f56bfc062723c751e8b465ee728b)  -> (artifact id: 'd1d842a4397b20a3c629efff274c0a56') in 0.077805 seconds 
========================================================================
Received Import Request.
  Time since last request: 0.000048 seconds.
  path: Assets/Abandoned_Asylum/Materials/Tiled/Tiles/Tiles_13.mat
  artifactKey: Guid(b083fbbd7dabc3a46ab907471f9350bc) Importer(815301076,1909f56bfc062723c751e8b465ee728b)
Start importing Assets/Abandoned_Asylum/Materials/Tiled/Tiles/Tiles_13.mat using Guid(b083fbbd7dabc3a46ab907471f9350bc) Importer(815301076,1909f56bfc062723c751e8b465ee728b)  -> (artifact id: '5b8e9d05289c9b4a081b47980a821742') in 0.066410 seconds 
========================================================================
Received Import Request.
  Time since last request: 0.000070 seconds.
  path: Assets/Abandoned_Asylum/Materials/Tiled/Tiles/Tiles_12.mat
  artifactKey: Guid(61b69a7143f7bd446a763f264ae8ead6) Importer(815301076,1909f56bfc062723c751e8b465ee728b)
Start importing Assets/Abandoned_Asylum/Materials/Tiled/Tiles/Tiles_12.mat using Guid(61b69a7143f7bd446a763f264ae8ead6) Importer(815301076,1909f56bfc062723c751e8b465ee728b)  -> (artifact id: 'cfaccd1885db8892055115e6fd99bacf') in 0.065314 seconds 
========================================================================
Received Import Request.
  Time since last request: 0.000106 seconds.
  path: Assets/Abandoned_Asylum/Materials/Tiled/Tiles/Tiles_7.mat
  artifactKey: Guid(47f11ffa9c8de5645a4d0ad3131064f5) Importer(815301076,1909f56bfc062723c751e8b465ee728b)
Start importing Assets/Abandoned_Asylum/Materials/Tiled/Tiles/Tiles_7.mat using Guid(47f11ffa9c8de5645a4d0ad3131064f5) Importer(815301076,1909f56bfc062723c751e8b465ee728b)  -> (artifact id: '0cb7788ef95c61ddd942691a277ba4bc') in 0.065681 seconds 
========================================================================
Received Import Request.
  Time since last request: 0.000070 seconds.
  path: Assets/Abandoned_Asylum/Materials/Tiled/Tiles/Tiles_9.mat
  artifactKey: Guid(303f65e8337a02d40a82c6ddfb32caa9) Importer(815301076,1909f56bfc062723c751e8b465ee728b)
Start importing Assets/Abandoned_Asylum/Materials/Tiled/Tiles/Tiles_9.mat using Guid(303f65e8337a02d40a82c6ddfb32caa9) Importer(815301076,1909f56bfc062723c751e8b465ee728b)  -> (artifact id: '04c2ccf42fa99ce6fa4aef8aca2b3ad5') in 0.065629 seconds 
========================================================================
Received Import Request.
  Time since last request: 0.000067 seconds.
  path: Assets/Abandoned_Asylum/Materials/Tiled/Tiles/Tiles_4.mat
  artifactKey: Guid(d20548b59d24ffd48895ffac58af8b7b) Importer(815301076,1909f56bfc062723c751e8b465ee728b)
Start importing Assets/Abandoned_Asylum/Materials/Tiled/Tiles/Tiles_4.mat using Guid(d20548b59d24ffd48895ffac58af8b7b) Importer(815301076,1909f56bfc062723c751e8b465ee728b)  -> (artifact id: '5aad57669a933d7803db77c5c60b1fff') in 0.057179 seconds 
========================================================================
Received Import Request.
  Time since last request: 0.000066 seconds.
  path: Assets/Abandoned_Asylum/Materials/Tiled/Tiles/Tiles_5.mat
  artifactKey: Guid(20f8609f68d562d4981b00dcf619389b) Importer(815301076,1909f56bfc062723c751e8b465ee728b)
Start importing Assets/Abandoned_Asylum/Materials/Tiled/Tiles/Tiles_5.mat using Guid(20f8609f68d562d4981b00dcf619389b) Importer(815301076,1909f56bfc062723c751e8b465ee728b)  -> (artifact id: 'c962b9b236908cdb1703735639b8a712') in 0.070497 seconds 
========================================================================
Received Import Request.
  Time since last request: 0.000070 seconds.
  path: Assets/Abandoned_Asylum/Materials/Tiled/Tiles/Tiles_6.mat
  artifactKey: Guid(f29ab2a1f7673404fbd1781dc6328925) Importer(815301076,1909f56bfc062723c751e8b465ee728b)
Start importing Assets/Abandoned_Asylum/Materials/Tiled/Tiles/Tiles_6.mat using Guid(f29ab2a1f7673404fbd1781dc6328925) Importer(815301076,1909f56bfc062723c751e8b465ee728b)  -> (artifact id: '2a8b7dce20dbdbc0d1d2823730633c81') in 0.898186 seconds 
Editor requested this worker to shutdown with reason: Scaling down because of idle timeout
AssetImportWorker is now disconnected from the server
Process exiting
Exiting without the bug reporter. Application will terminate with return code 0